0 info it worked if it ends with ok
1 verbose cli [
1 verbose cli   'C:\\Program Files\\nodejs\\node.exe',
1 verbose cli   'C:\\Users\\pragya shukla\\AppData\\Roaming\\npm\\node_modules\\npm\\bin\\npm-cli.js',
1 verbose cli   'start'
1 verbose cli ]
2 info using npm@3.10.10
3 info using node@v14.1.0
4 verbose run-script [ 'prestart', 'start', 'poststart' ]
5 info lifecycle confusion@1.0.0~prestart: confusion@1.0.0
6 silly lifecycle confusion@1.0.0~prestart: no script for prestart, continuing
7 info lifecycle confusion@1.0.0~start: confusion@1.0.0
8 verbose lifecycle confusion@1.0.0~start: unsafe-perm in lifecycle true
9 verbose lifecycle confusion@1.0.0~start: PATH: C:\Users\pragya shukla\AppData\Roaming\npm\node_modules\npm\bin\node-gyp-bin;C:\Bootstrap4\conFusion\node_modules\.bin;C:\Python38\Scripts\;C:\Python38\;C:\Program Files\Java\jdk-12.0.1\bin;C:\WINDOWS\system32;C:\WINDOWS;C:\WINDOWS\System32\Wbem;C:\WINDOWS\System32\WindowsPowerShell\v1.0\;C:\WINDOWS\System32\OpenSSH\;C:\Program Files\Git\cmd;C:\Program Files\nodejs\;C:\ProgramData\chocolatey\bin;C:\Users\pragya shukla\AppData\Local\Microsoft\WindowsApps;;C:\Users\pragya shukla\AppData\Local\Programs\Microsoft VS Code\bin;C:\Users\pragya shukla\AppData\Roaming\npm
10 verbose lifecycle confusion@1.0.0~start: CWD: C:\Bootstrap4\conFusion
11 silly lifecycle confusion@1.0.0~start: Args: [ '/d /s /c', 'npm run lite' ]
12 silly lifecycle confusion@1.0.0~start: Returned: code: 3221225786  signal: null
13 info lifecycle confusion@1.0.0~start: Failed to exec start script
14 verbose stack Error: confusion@1.0.0 start: `npm run lite`
14 verbose stack Exit status 3221225786
14 verbose stack     at EventEmitter.<anonymous> (C:\Users\pragya shukla\AppData\Roaming\npm\node_modules\npm\lib\utils\lifecycle.js:255:16)
14 verbose stack     at EventEmitter.emit (events.js:315:20)
14 verbose stack     at ChildProcess.<anonymous> (C:\Users\pragya shukla\AppData\Roaming\npm\node_modules\npm\lib\utils\spawn.js:40:14)
14 verbose stack     at ChildProcess.emit (events.js:315:20)
14 verbose stack     at maybeClose (internal/child_process.js:1051:16)
14 verbose stack     at Process.ChildProcess._handle.onexit (internal/child_process.js:287:5)
15 verbose pkgid confusion@1.0.0
16 verbose cwd C:\Bootstrap4\conFusion
17 error Windows_NT 10.0.18362
18 error argv "C:\\Program Files\\nodejs\\node.exe" "C:\\Users\\pragya shukla\\AppData\\Roaming\\npm\\node_modules\\npm\\bin\\npm-cli.js" "start"
19 error node v14.1.0
20 error npm  v3.10.10
21 error code ELIFECYCLE
22 error confusion@1.0.0 start: `npm run lite`
22 error Exit status 3221225786
23 error Failed at the confusion@1.0.0 start script 'npm run lite'.
23 error Make sure you have the latest version of node.js and npm installed.
23 error If you do, this is most likely a problem with the confusion package,
23 error not with npm itself.
23 error Tell the author that this fails on your system:
23 error     npm run lite
23 error You can get information on how to open an issue for this project with:
23 error     npm bugs confusion
23 error Or if that isn't available, you can get their info via:
23 error     npm owner ls confusion
23 error There is likely additional logging output above.
24 verbose exit [ 1, true ]
